2021-11-16 00:00:53.023  INFO 10996 --- [Thread-34] o.s.s.concurrent.ThreadPoolTaskExecutor  : Shutting down ExecutorService 'applicationTaskExecutor'
2021-11-16 00:00:53.111  INFO 10996 --- [Thread-34] j.LocalContainerEntityManagerFactoryBean : Closing JPA EntityManagerFactory for persistence unit 'default'
2021-11-16 00:00:53.113  INFO 10996 --- [Thread-34] com.zaxxer.hikari.HikariDataSource       : HikariPool-6 - Shutdown initiated...
2021-11-16 00:00:53.126  INFO 10996 --- [Thread-34] com.zaxxer.hikari.HikariDataSource       : HikariPool-6 - Shutdown completed.
2021-11-16 00:00:54.162  INFO 10996 --- [restartedMain] SpringBootCoreDataJpaMvcRest1Application : Starting TimesheetSpringBootCoreDataJpaMvcRest1Application on DESKTOP-FE3B4JC with PID 10996 (C:\Users\hiba\Desktop\project_devops\DEVOPS\src\main\webapp\WEB-INF\classes started by hiba in C:\Users\hiba\Desktop\project_devops\DEVOPS)
2021-11-16 00:00:54.163  INFO 10996 --- [restartedMain] SpringBootCoreDataJpaMvcRest1Application : No active profile set, falling back to default profiles: default
2021-11-16 00:00:54.996  INFO 10996 --- [restartedMain] .s.d.r.c.RepositoryConfigurationDelegate : Bootstrapping Spring Data repositories in DEFAULT mode.
2021-11-16 00:00:55.000  INFO 10996 --- [restartedMain] .s.d.r.c.RepositoryConfigurationDelegate : Finished Spring Data repository scanning in 2ms. Found 0 repository interfaces.
2021-11-16 00:00:55.234  INFO 10996 --- [restartedMain] trationDelegate$BeanPostProcessorChecker : Bean 'org.springframework.transaction.annotation.ProxyTransactionManagementConfiguration' of type [org.springframework.transaction.annotation.ProxyTransactionManagementConfiguration$$EnhancerBySpringCGLIB$$486ee0db] is not eligible for getting processed by all BeanPostProcessors (for example: not eligible for auto-proxying)
2021-11-16 00:00:55.503  INFO 10996 --- [restartedMain] o.s.b.w.embedded.tomcat.TomcatWebServer  : Tomcat initialized with port(s): 8081 (http)
2021-11-16 00:00:55.504  INFO 10996 --- [restartedMain] o.apache.catalina.core.StandardService   : Starting service [Tomcat]
2021-11-16 00:00:55.504  INFO 10996 --- [restartedMain] org.apache.catalina.core.StandardEngine  : Starting Servlet engine: [Apache Tomcat/9.0.17]
2021-11-16 00:00:55.662  INFO 10996 --- [restartedMain] o.a.c.c.C.[.[localhost].[/SpringMVC]     : Initializing Spring embedded WebApplicationContext
2021-11-16 00:00:55.662  INFO 10996 --- [restartedMain] o.s.web.context.ContextLoader            : Root WebApplicationContext: initialization completed in 1493 ms
2021-11-16 00:00:55.735  INFO 10996 --- [restartedMain] com.zaxxer.hikari.HikariDataSource       : HikariPool-7 - Starting...
2021-11-16 00:00:55.742  INFO 10996 --- [restartedMain] com.zaxxer.hikari.HikariDataSource       : HikariPool-7 - Start completed.
2021-11-16 00:00:55.747  INFO 10996 --- [restartedMain] o.hibernate.jpa.internal.util.LogHelper  : HHH000204: Processing PersistenceUnitInfo [
	name: default
	...]
2021-11-16 00:00:55.763  INFO 10996 --- [restartedMain] org.hibernate.dialect.Dialect            : HHH000400: Using dialect: org.hibernate.dialect.MySQL5Dialect
2021-11-16 00:00:56.117  INFO 10996 --- [restartedMain] j.LocalContainerEntityManagerFactoryBean : Initialized JPA EntityManagerFactory for persistence unit 'default'
2021-11-16 00:00:56.134  INFO 10996 --- [restartedMain] o.s.b.d.a.OptionalLiveReloadServer       : LiveReload server is running on port 35729
2021-11-16 00:00:56.215  INFO 10996 --- [restartedMain] o.s.s.concurrent.ThreadPoolTaskExecutor  : Initializing ExecutorService 'applicationTaskExecutor'
2021-11-16 00:00:56.222  WARN 10996 --- [restartedMain] aWebConfiguration$JpaWebMvcConfiguration : spring.jpa.open-in-view is enabled by default. Therefore, database queries may be performed during view rendering. Explicitly configure spring.jpa.open-in-view to disable this warning
2021-11-16 00:00:56.310  INFO 10996 --- [restartedMain] o.s.b.w.embedded.tomcat.TomcatWebServer  : Tomcat started on port(s): 8081 (http) with context path '/SpringMVC'
2021-11-16 00:00:56.310  INFO 10996 --- [restartedMain] SpringBootCoreDataJpaMvcRest1Application : Started TimesheetSpringBootCoreDataJpaMvcRest1Application in 2.216 seconds (JVM running for 2173.654)
2021-11-16 00:00:56.312  INFO 10996 --- [restartedMain] .ConditionEvaluationDeltaLoggingListener : Condition evaluation unchanged
2021-11-16 00:00:59.735  INFO 10996 --- [Thread-40] o.s.s.concurrent.ThreadPoolTaskExecutor  : Shutting down ExecutorService 'applicationTaskExecutor'
2021-11-16 00:00:59.737  INFO 10996 --- [Thread-40] j.LocalContainerEntityManagerFactoryBean : Closing JPA EntityManagerFactory for persistence unit 'default'
2021-11-16 00:00:59.738  INFO 10996 --- [Thread-40] com.zaxxer.hikari.HikariDataSource       : HikariPool-7 - Shutdown initiated...
2021-11-16 00:00:59.750  INFO 10996 --- [Thread-40] com.zaxxer.hikari.HikariDataSource       : HikariPool-7 - Shutdown completed.
2021-11-16 00:01:01.397  INFO 10996 --- [restartedMain] SpringBootCoreDataJpaMvcRest1Application : Starting TimesheetSpringBootCoreDataJpaMvcRest1Application on DESKTOP-FE3B4JC with PID 10996 (C:\Users\hiba\Desktop\project_devops\DEVOPS\src\main\webapp\WEB-INF\classes started by hiba in C:\Users\hiba\Desktop\project_devops\DEVOPS)
2021-11-16 00:01:01.398  INFO 10996 --- [restartedMain] SpringBootCoreDataJpaMvcRest1Application : No active profile set, falling back to default profiles: default
2021-11-16 00:01:02.625  INFO 10996 --- [restartedMain] .s.d.r.c.RepositoryConfigurationDelegate : Bootstrapping Spring Data repositories in DEFAULT mode.
2021-11-16 00:01:02.737  INFO 10996 --- [restartedMain] .s.d.r.c.RepositoryConfigurationDelegate : Finished Spring Data repository scanning in 110ms. Found 6 repository interfaces.
2021-11-16 00:01:02.907  INFO 10996 --- [restartedMain] trationDelegate$BeanPostProcessorChecker : Bean 'org.springframework.transaction.annotation.ProxyTransactionManagementConfiguration' of type [org.springframework.transaction.annotation.ProxyTransactionManagementConfiguration$$EnhancerBySpringCGLIB$$486ee0db] is not eligible for getting processed by all BeanPostProcessors (for example: not eligible for auto-proxying)
2021-11-16 00:01:03.180  INFO 10996 --- [restartedMain] o.s.b.w.embedded.tomcat.TomcatWebServer  : Tomcat initialized with port(s): 8081 (http)
2021-11-16 00:01:03.182  INFO 10996 --- [restartedMain] o.apache.catalina.core.StandardService   : Starting service [Tomcat]
2021-11-16 00:01:03.183  INFO 10996 --- [restartedMain] org.apache.catalina.core.StandardEngine  : Starting Servlet engine: [Apache Tomcat/9.0.17]
2021-11-16 00:01:03.234  INFO 10996 --- [restartedMain] o.a.c.c.C.[.[localhost].[/SpringMVC]     : Initializing Spring embedded WebApplicationContext
2021-11-16 00:01:03.235  INFO 10996 --- [restartedMain] o.s.web.context.ContextLoader            : Root WebApplicationContext: initialization completed in 1831 ms
2021-11-16 00:01:03.319  INFO 10996 --- [restartedMain] com.zaxxer.hikari.HikariDataSource       : HikariPool-8 - Starting...
2021-11-16 00:01:03.325  INFO 10996 --- [restartedMain] com.zaxxer.hikari.HikariDataSource       : HikariPool-8 - Start completed.
2021-11-16 00:01:03.343  INFO 10996 --- [restartedMain] o.hibernate.jpa.internal.util.LogHelper  : HHH000204: Processing PersistenceUnitInfo [
	name: default
	...]
2021-11-16 00:01:03.366  INFO 10996 --- [restartedMain] org.hibernate.dialect.Dialect            : HHH000400: Using dialect: org.hibernate.dialect.MySQL5Dialect
2021-11-16 00:01:04.354  INFO 10996 --- [restartedMain] j.LocalContainerEntityManagerFactoryBean : Initialized JPA EntityManagerFactory for persistence unit 'default'
2021-11-16 00:01:04.374  INFO 10996 --- [restartedMain] o.s.b.d.a.OptionalLiveReloadServer       : LiveReload server is running on port 35729
2021-11-16 00:01:04.488  INFO 10996 --- [restartedMain] o.h.h.i.QueryTranslatorFactoryInitiator  : HHH000397: Using ASTQueryTranslatorFactory
2021-11-16 00:01:04.696  INFO 10996 --- [restartedMain] o.s.s.concurrent.ThreadPoolTaskExecutor  : Initializing ExecutorService 'applicationTaskExecutor'
2021-11-16 00:01:04.706  WARN 10996 --- [restartedMain] aWebConfiguration$JpaWebMvcConfiguration : spring.jpa.open-in-view is enabled by default. Therefore, database queries may be performed during view rendering. Explicitly configure spring.jpa.open-in-view to disable this warning
2021-11-16 00:01:04.937  INFO 10996 --- [restartedMain] o.s.b.w.embedded.tomcat.TomcatWebServer  : Tomcat started on port(s): 8081 (http) with context path '/SpringMVC'
2021-11-16 00:01:04.938  INFO 10996 --- [restartedMain] SpringBootCoreDataJpaMvcRest1Application : Started TimesheetSpringBootCoreDataJpaMvcRest1Application in 3.768 seconds (JVM running for 2182.282)
2021-11-16 00:01:04.942  INFO 10996 --- [restartedMain] .ConditionEvaluationDeltaLoggingListener : Condition evaluation unchanged
2021-11-16 00:01:07.794  INFO 14840 --- [main] tn.esprit.spring.MissionServiceImplTest  : Starting MissionServiceImplTest on DESKTOP-FE3B4JC with PID 14840 (started by hiba in C:\Users\hiba\Desktop\project_devops\DEVOPS)
2021-11-16 00:01:07.798  INFO 14840 --- [main] tn.esprit.spring.MissionServiceImplTest  : No active profile set, falling back to default profiles: default
2021-11-16 00:01:10.691  INFO 14840 --- [main] .s.d.r.c.RepositoryConfigurationDelegate : Bootstrapping Spring Data repositories in DEFAULT mode.
2021-11-16 00:01:10.881  INFO 14840 --- [main] .s.d.r.c.RepositoryConfigurationDelegate : Finished Spring Data repository scanning in 163ms. Found 6 repository interfaces.
2021-11-16 00:01:11.884  INFO 14840 --- [main] trationDelegate$BeanPostProcessorChecker : Bean 'org.springframework.transaction.annotation.ProxyTransactionManagementConfiguration' of type [org.springframework.transaction.annotation.ProxyTransactionManagementConfiguration$$EnhancerBySpringCGLIB$$c5c9407] is not eligible for getting processed by all BeanPostProcessors (for example: not eligible for auto-proxying)
2021-11-16 00:01:13.002  INFO 14840 --- [main] com.zaxxer.hikari.HikariDataSource       : HikariPool-1 - Starting...
2021-11-16 00:01:13.836  INFO 14840 --- [main] com.zaxxer.hikari.HikariDataSource       : HikariPool-1 - Start completed.
2021-11-16 00:01:14.214  INFO 14840 --- [main] o.hibernate.jpa.internal.util.LogHelper  : HHH000204: Processing PersistenceUnitInfo [
	name: default
	...]
2021-11-16 00:01:15.063  INFO 14840 --- [main] org.hibernate.Version                    : HHH000412: Hibernate Core {5.3.9.Final}
2021-11-16 00:01:15.092  INFO 14840 --- [main] org.hibernate.cfg.Environment            : HHH000206: hibernate.properties not found
2021-11-16 00:01:16.486  INFO 14840 --- [main] o.hibernate.annotations.common.Version   : HCANN000001: Hibernate Commons Annotations {5.0.4.Final}
2021-11-16 00:01:17.824  INFO 14840 --- [main] org.hibernate.dialect.Dialect            : HHH000400: Using dialect: org.hibernate.dialect.MySQL5Dialect
2021-11-16 00:01:22.967  INFO 14840 --- [main] j.LocalContainerEntityManagerFactoryBean : Initialized JPA EntityManagerFactory for persistence unit 'default'
2021-11-16 00:01:23.946  INFO 14840 --- [main] o.h.h.i.QueryTranslatorFactoryInitiator  : HHH000397: Using ASTQueryTranslatorFactory
2021-11-16 00:01:26.663  INFO 14840 --- [main] o.s.s.concurrent.ThreadPoolTaskExecutor  : Initializing ExecutorService 'applicationTaskExecutor'
2021-11-16 00:01:26.843  WARN 14840 --- [main] aWebConfiguration$JpaWebMvcConfiguration : spring.jpa.open-in-view is enabled by default. Therefore, database queries may be performed during view rendering. Explicitly configure spring.jpa.open-in-view to disable this warning
2021-11-16 00:01:27.708  INFO 14840 --- [main] tn.esprit.spring.MissionServiceImplTest  : Started MissionServiceImplTest in 21.038 seconds (JVM running for 23.398)
2021-11-16 00:01:28.212  INFO 14840 --- [main] t.e.spring.services.MissionServiceImpl   : Adding Mission to Departement
2021-11-16 00:01:28.348 ERROR 14840 --- [main] t.e.spring.services.MissionServiceImpl   : java.util.NoSuchElementException: No value present
2021-11-16 00:01:28.364  INFO 14840 --- [main] t.e.spring.services.MissionServiceImpl   : getting employe by mission :0
2021-11-16 00:01:28.446  INFO 14840 --- [main] t.e.spring.services.MissionServiceImpl   : getting employe by mission :0succefully
2021-11-16 00:01:28.452  INFO 14840 --- [main] t.e.spring.services.MissionServiceImpl   : Adding  mission
2021-11-16 00:01:28.560  INFO 14840 --- [main] t.e.spring.services.MissionServiceImpl   : Mission Added  Succefully !
2021-11-16 00:01:28.567  INFO 14840 --- [main] t.e.spring.services.MissionServiceImpl   : getting Mission by employé :0
2021-11-16 00:01:28.573  INFO 14840 --- [main] t.e.spring.services.MissionServiceImpl   : getting Mission by employé :0succefully
2021-11-16 00:01:28.574  INFO 14840 --- [main] t.e.spring.services.MissionServiceImpl   : getting Employee
2021-11-16 00:01:29.268  INFO 14840 --- [Thread-2] o.s.s.concurrent.ThreadPoolTaskExecutor  : Shutting down ExecutorService 'applicationTaskExecutor'
2021-11-16 00:01:29.273  INFO 14840 --- [Thread-2] j.LocalContainerEntityManagerFactoryBean : Closing JPA EntityManagerFactory for persistence unit 'default'
2021-11-16 00:01:29.300  INFO 14840 --- [Thread-2] com.zaxxer.hikari.HikariDataSource       : HikariPool-1 - Shutdown initiated...
2021-11-16 00:01:29.337  INFO 14840 --- [Thread-2] com.zaxxer.hikari.HikariDataSource       : HikariPool-1 - Shutdown completed.
2021-11-16 00:55:09.151  INFO 10996 --- [Thread-46] o.s.s.concurrent.ThreadPoolTaskExecutor  : Shutting down ExecutorService 'applicationTaskExecutor'
2021-11-16 00:55:09.162  INFO 10996 --- [Thread-46] j.LocalContainerEntityManagerFactoryBean : Closing JPA EntityManagerFactory for persistence unit 'default'
2021-11-16 00:55:09.167  INFO 10996 --- [Thread-46] com.zaxxer.hikari.HikariDataSource       : HikariPool-8 - Shutdown initiated...
2021-11-16 00:55:09.230  INFO 10996 --- [Thread-46] com.zaxxer.hikari.HikariDataSource       : HikariPool-8 - Shutdown completed.
2021-11-16 00:55:11.857  INFO 10996 --- [restartedMain] SpringBootCoreDataJpaMvcRest1Application : Starting TimesheetSpringBootCoreDataJpaMvcRest1Application on DESKTOP-FE3B4JC with PID 10996 (C:\Users\hiba\Desktop\project_devops\DEVOPS\src\main\webapp\WEB-INF\classes started by hiba in C:\Users\hiba\Desktop\project_devops\DEVOPS)
2021-11-16 00:55:11.858  INFO 10996 --- [restartedMain] SpringBootCoreDataJpaMvcRest1Application : No active profile set, falling back to default profiles: default
2021-11-16 00:55:13.106  INFO 10996 --- [restartedMain] .s.d.r.c.RepositoryConfigurationDelegate : Bootstrapping Spring Data repositories in DEFAULT mode.
2021-11-16 00:55:13.227  INFO 10996 --- [restartedMain] .s.d.r.c.RepositoryConfigurationDelegate : Finished Spring Data repository scanning in 120ms. Found 6 repository interfaces.
2021-11-16 00:55:13.486  INFO 10996 --- [restartedMain] trationDelegate$BeanPostProcessorChecker : Bean 'org.springframework.transaction.annotation.ProxyTransactionManagementConfiguration' of type [org.springframework.transaction.annotation.ProxyTransactionManagementConfiguration$$EnhancerBySpringCGLIB$$486ee0db] is not eligible for getting processed by all BeanPostProcessors (for example: not eligible for auto-proxying)
2021-11-16 00:55:14.173  INFO 10996 --- [restartedMain] o.s.b.w.embedded.tomcat.TomcatWebServer  : Tomcat initialized with port(s): 8081 (http)
2021-11-16 00:55:14.175  INFO 10996 --- [restartedMain] o.apache.catalina.core.StandardService   : Starting service [Tomcat]
2021-11-16 00:55:14.176  INFO 10996 --- [restartedMain] org.apache.catalina.core.StandardEngine  : Starting Servlet engine: [Apache Tomcat/9.0.17]
2021-11-16 00:55:14.665  INFO 10996 --- [restartedMain] o.a.c.c.C.[.[localhost].[/SpringMVC]     : Initializing Spring embedded WebApplicationContext
2021-11-16 00:55:14.666  INFO 10996 --- [restartedMain] o.s.web.context.ContextLoader            : Root WebApplicationContext: initialization completed in 2799 ms
2021-11-16 00:55:14.925  INFO 10996 --- [restartedMain] com.zaxxer.hikari.HikariDataSource       : HikariPool-9 - Starting...
2021-11-16 00:55:14.977  INFO 10996 --- [restartedMain] com.zaxxer.hikari.HikariDataSource       : HikariPool-9 - Start completed.
2021-11-16 00:55:15.003  INFO 10996 --- [restartedMain] o.hibernate.jpa.internal.util.LogHelper  : HHH000204: Processing PersistenceUnitInfo [
	name: default
	...]
2021-11-16 00:55:15.033  INFO 10996 --- [restartedMain] org.hibernate.dialect.Dialect            : HHH000400: Using dialect: org.hibernate.dialect.MySQL5Dialect
2021-11-16 00:55:18.773  INFO 10996 --- [restartedMain] j.LocalContainerEntityManagerFactoryBean : Initialized JPA EntityManagerFactory for persistence unit 'default'
2021-11-16 00:55:18.802  INFO 10996 --- [restartedMain] o.s.b.d.a.OptionalLiveReloadServer       : LiveReload server is running on port 35729
2021-11-16 00:55:19.107  INFO 10996 --- [restartedMain] o.h.h.i.QueryTranslatorFactoryInitiator  : HHH000397: Using ASTQueryTranslatorFactory
2021-11-16 00:55:19.613  INFO 10996 --- [restartedMain] o.s.s.concurrent.ThreadPoolTaskExecutor  : Initializing ExecutorService 'applicationTaskExecutor'
2021-11-16 00:55:19.666  WARN 10996 --- [restartedMain] aWebConfiguration$JpaWebMvcConfiguration : spring.jpa.open-in-view is enabled by default. Therefore, database queries may be performed during view rendering. Explicitly configure spring.jpa.open-in-view to disable this warning
2021-11-16 00:55:20.156  INFO 10996 --- [restartedMain] o.s.b.w.embedded.tomcat.TomcatWebServer  : Tomcat started on port(s): 8081 (http) with context path '/SpringMVC'
2021-11-16 00:55:20.177  INFO 10996 --- [restartedMain] SpringBootCoreDataJpaMvcRest1Application : Started TimesheetSpringBootCoreDataJpaMvcRest1Application in 8.473 seconds (JVM running for 5437.52)
2021-11-16 00:55:20.181  INFO 10996 --- [restartedMain] .ConditionEvaluationDeltaLoggingListener : Condition evaluation unchanged
2021-11-16 00:57:19.019  INFO 10996 --- [Thread-52] o.s.s.concurrent.ThreadPoolTaskExecutor  : Shutting down ExecutorService 'applicationTaskExecutor'
2021-11-16 00:57:19.021  INFO 10996 --- [Thread-52] j.LocalContainerEntityManagerFactoryBean : Closing JPA EntityManagerFactory for persistence unit 'default'
2021-11-16 00:57:19.022  INFO 10996 --- [Thread-52] com.zaxxer.hikari.HikariDataSource       : HikariPool-9 - Shutdown initiated...
2021-11-16 00:57:19.031  INFO 10996 --- [Thread-52] com.zaxxer.hikari.HikariDataSource       : HikariPool-9 - Shutdown completed.
2021-11-16 00:57:19.963  INFO 10996 --- [restartedMain] SpringBootCoreDataJpaMvcRest1Application : Starting TimesheetSpringBootCoreDataJpaMvcRest1Application on DESKTOP-FE3B4JC with PID 10996 (C:\Users\hiba\Desktop\project_devops\DEVOPS\src\main\webapp\WEB-INF\classes started by hiba in C:\Users\hiba\Desktop\project_devops\DEVOPS)
2021-11-16 00:57:19.964  INFO 10996 --- [restartedMain] SpringBootCoreDataJpaMvcRest1Application : No active profile set, falling back to default profiles: default
2021-11-16 00:57:20.393  INFO 10996 --- [restartedMain] .s.d.r.c.RepositoryConfigurationDelegate : Bootstrapping Spring Data repositories in DEFAULT mode.
2021-11-16 00:57:20.436  INFO 10996 --- [restartedMain] .s.d.r.c.RepositoryConfigurationDelegate : Finished Spring Data repository scanning in 43ms. Found 6 repository interfaces.
2021-11-16 00:57:20.502  INFO 10996 --- [restartedMain] trationDelegate$BeanPostProcessorChecker : Bean 'org.springframework.transaction.annotation.ProxyTransactionManagementConfiguration' of type [org.springframework.transaction.annotation.ProxyTransactionManagementConfiguration$$EnhancerBySpringCGLIB$$486ee0db] is not eligible for getting processed by all BeanPostProcessors (for example: not eligible for auto-proxying)
2021-11-16 00:57:20.683  INFO 10996 --- [restartedMain] o.s.b.w.embedded.tomcat.TomcatWebServer  : Tomcat initialized with port(s): 8082 (http)
2021-11-16 00:57:20.684  INFO 10996 --- [restartedMain] o.apache.catalina.core.StandardService   : Starting service [Tomcat]
2021-11-16 00:57:20.685  INFO 10996 --- [restartedMain] org.apache.catalina.core.StandardEngine  : Starting Servlet engine: [Apache Tomcat/9.0.17]
2021-11-16 00:57:20.778  INFO 10996 --- [restartedMain] o.a.c.c.C.[.[localhost].[/SpringMVC]     : Initializing Spring embedded WebApplicationContext
2021-11-16 00:57:20.779  INFO 10996 --- [restartedMain] o.s.web.context.ContextLoader            : Root WebApplicationContext: initialization completed in 812 ms
2021-11-16 00:57:20.843  INFO 10996 --- [restartedMain] com.zaxxer.hikari.HikariDataSource       : HikariPool-10 - Starting...
2021-11-16 00:57:20.863  INFO 10996 --- [restartedMain] com.zaxxer.hikari.HikariDataSource       : HikariPool-10 - Start completed.
2021-11-16 00:57:20.877  INFO 10996 --- [restartedMain] o.hibernate.jpa.internal.util.LogHelper  : HHH000204: Processing PersistenceUnitInfo [
	name: default
	...]
2021-11-16 00:57:20.894  INFO 10996 --- [restartedMain] org.hibernate.dialect.Dialect            : HHH000400: Using dialect: org.hibernate.dialect.MySQL5Dialect
2021-11-16 00:57:22.212  INFO 10996 --- [restartedMain] j.LocalContainerEntityManagerFactoryBean : Initialized JPA EntityManagerFactory for persistence unit 'default'
2021-11-16 00:57:22.244  INFO 10996 --- [restartedMain] o.s.b.d.a.OptionalLiveReloadServer       : LiveReload server is running on port 35729
2021-11-16 00:57:22.372  INFO 10996 --- [restartedMain] o.h.h.i.QueryTranslatorFactoryInitiator  : HHH000397: Using ASTQueryTranslatorFactory
2021-11-16 00:57:22.572  INFO 10996 --- [restartedMain] o.s.s.concurrent.ThreadPoolTaskExecutor  : Initializing ExecutorService 'applicationTaskExecutor'
2021-11-16 00:57:22.584  WARN 10996 --- [restartedMain] aWebConfiguration$JpaWebMvcConfiguration : spring.jpa.open-in-view is enabled by default. Therefore, database queries may be performed during view rendering. Explicitly configure spring.jpa.open-in-view to disable this warning
2021-11-16 00:57:22.726  INFO 10996 --- [restartedMain] o.s.b.w.embedded.tomcat.TomcatWebServer  : Tomcat started on port(s): 8082 (http) with context path '/SpringMVC'
2021-11-16 00:57:22.728  INFO 10996 --- [restartedMain] SpringBootCoreDataJpaMvcRest1Application : Started TimesheetSpringBootCoreDataJpaMvcRest1Application in 2.806 seconds (JVM running for 5560.072)
2021-11-16 00:57:22.731  INFO 10996 --- [restartedMain] .ConditionEvaluationDeltaLoggingListener : Condition evaluation unchanged
2021-11-16 01:11:27.749  INFO 10996 --- [Thread-58] o.s.s.concurrent.ThreadPoolTaskExecutor  : Shutting down ExecutorService 'applicationTaskExecutor'
2021-11-16 01:11:27.752  INFO 10996 --- [Thread-58] j.LocalContainerEntityManagerFactoryBean : Closing JPA EntityManagerFactory for persistence unit 'default'
2021-11-16 01:11:27.754  INFO 10996 --- [Thread-58] com.zaxxer.hikari.HikariDataSource       : HikariPool-10 - Shutdown initiated...
2021-11-16 01:11:27.782  INFO 10996 --- [Thread-58] com.zaxxer.hikari.HikariDataSource       : HikariPool-10 - Shutdown completed.
2021-11-16 01:11:28.895  INFO 10996 --- [restartedMain] SpringBootCoreDataJpaMvcRest1Application : Starting TimesheetSpringBootCoreDataJpaMvcRest1Application on DESKTOP-FE3B4JC with PID 10996 (C:\Users\hiba\Desktop\project_devops\DEVOPS\src\main\webapp\WEB-INF\classes started by hiba in C:\Users\hiba\Desktop\project_devops\DEVOPS)
2021-11-16 01:11:28.895  INFO 10996 --- [restartedMain] SpringBootCoreDataJpaMvcRest1Application : No active profile set, falling back to default profiles: default
2021-11-16 01:11:29.342  INFO 10996 --- [restartedMain] .s.d.r.c.RepositoryConfigurationDelegate : Bootstrapping Spring Data repositories in DEFAULT mode.
2021-11-16 01:11:29.344  INFO 10996 --- [restartedMain] .s.d.r.c.RepositoryConfigurationDelegate : Finished Spring Data repository scanning in 1ms. Found 0 repository interfaces.
2021-11-16 01:11:29.401  INFO 10996 --- [restartedMain] trationDelegate$BeanPostProcessorChecker : Bean 'org.springframework.transaction.annotation.ProxyTransactionManagementConfiguration' of type [org.springframework.transaction.annotation.ProxyTransactionManagementConfiguration$$EnhancerBySpringCGLIB$$486ee0db] is not eligible for getting processed by all BeanPostProcessors (for example: not eligible for auto-proxying)
2021-11-16 01:11:29.667  INFO 10996 --- [restartedMain] o.s.b.w.embedded.tomcat.TomcatWebServer  : Tomcat initialized with port(s): 8082 (http)
2021-11-16 01:11:29.669  INFO 10996 --- [restartedMain] o.apache.catalina.core.StandardService   : Starting service [Tomcat]
2021-11-16 01:11:29.670  INFO 10996 --- [restartedMain] org.apache.catalina.core.StandardEngine  : Starting Servlet engine: [Apache Tomcat/9.0.17]
2021-11-16 01:11:29.880  INFO 10996 --- [restartedMain] o.a.c.c.C.[.[localhost].[/SpringMVC]     : Initializing Spring embedded WebApplicationContext
2021-11-16 01:11:29.880  INFO 10996 --- [restartedMain] o.s.web.context.ContextLoader            : Root WebApplicationContext: initialization completed in 982 ms
2021-11-16 01:11:30.035  INFO 10996 --- [restartedMain] com.zaxxer.hikari.HikariDataSource       : HikariPool-11 - Starting...
2021-11-16 01:11:30.086  INFO 10996 --- [restartedMain] com.zaxxer.hikari.HikariDataSource       : HikariPool-11 - Start completed.
2021-11-16 01:11:30.092  INFO 10996 --- [restartedMain] o.hibernate.jpa.internal.util.LogHelper  : HHH000204: Processing PersistenceUnitInfo [
	name: default
	...]
2021-11-16 01:11:30.103  INFO 10996 --- [restartedMain] org.hibernate.dialect.Dialect            : HHH000400: Using dialect: org.hibernate.dialect.MySQL5Dialect
2021-11-16 01:11:30.541  INFO 10996 --- [restartedMain] j.LocalContainerEntityManagerFactoryBean : Initialized JPA EntityManagerFactory for persistence unit 'default'
2021-11-16 01:11:30.559  INFO 10996 --- [restartedMain] o.s.b.d.a.OptionalLiveReloadServer       : LiveReload server is running on port 35729
2021-11-16 01:11:30.635  INFO 10996 --- [restartedMain] o.s.s.concurrent.ThreadPoolTaskExecutor  : Initializing ExecutorService 'applicationTaskExecutor'
2021-11-16 01:11:30.643  WARN 10996 --- [restartedMain] aWebConfiguration$JpaWebMvcConfiguration : spring.jpa.open-in-view is enabled by default. Therefore, database queries may be performed during view rendering. Explicitly configure spring.jpa.open-in-view to disable this warning
2021-11-16 01:11:30.742  INFO 10996 --- [restartedMain] o.s.b.w.embedded.tomcat.TomcatWebServer  : Tomcat started on port(s): 8082 (http) with context path '/SpringMVC'
2021-11-16 01:11:30.744  INFO 10996 --- [restartedMain] SpringBootCoreDataJpaMvcRest1Application : Started TimesheetSpringBootCoreDataJpaMvcRest1Application in 1.897 seconds (JVM running for 6408.089)
2021-11-16 01:11:30.747  INFO 10996 --- [restartedMain] .ConditionEvaluationDeltaLoggingListener : Condition evaluation unchanged
2021-11-16 01:11:37.249  INFO 10996 --- [Thread-64] o.s.s.concurrent.ThreadPoolTaskExecutor  : Shutting down ExecutorService 'applicationTaskExecutor'
2021-11-16 01:11:37.291  INFO 10996 --- [Thread-64] j.LocalContainerEntityManagerFactoryBean : Closing JPA EntityManagerFactory for persistence unit 'default'
2021-11-16 01:11:37.293  INFO 10996 --- [Thread-64] com.zaxxer.hikari.HikariDataSource       : HikariPool-11 - Shutdown initiated...
2021-11-16 01:11:37.310  INFO 10996 --- [Thread-64] com.zaxxer.hikari.HikariDataSource       : HikariPool-11 - Shutdown completed.
2021-11-16 01:11:38.863  INFO 10996 --- [restartedMain] SpringBootCoreDataJpaMvcRest1Application : Starting TimesheetSpringBootCoreDataJpaMvcRest1Application on DESKTOP-FE3B4JC with PID 10996 (C:\Users\hiba\Desktop\project_devops\DEVOPS\src\main\webapp\WEB-INF\classes started by hiba in C:\Users\hiba\Desktop\project_devops\DEVOPS)
2021-11-16 01:11:38.863  INFO 10996 --- [restartedMain] SpringBootCoreDataJpaMvcRest1Application : No active profile set, falling back to default profiles: default
2021-11-16 01:11:39.410  INFO 10996 --- [restartedMain] .s.d.r.c.RepositoryConfigurationDelegate : Bootstrapping Spring Data repositories in DEFAULT mode.
2021-11-16 01:11:39.463  INFO 10996 --- [restartedMain] .s.d.r.c.RepositoryConfigurationDelegate : Finished Spring Data repository scanning in 53ms. Found 6 repository interfaces.
2021-11-16 01:11:39.553  INFO 10996 --- [restartedMain] trationDelegate$BeanPostProcessorChecker : Bean 'org.springframework.transaction.annotation.ProxyTransactionManagementConfiguration' of type [org.springframework.transaction.annotation.ProxyTransactionManagementConfiguration$$EnhancerBySpringCGLIB$$486ee0db] is not eligible for getting processed by all BeanPostProcessors (for example: not eligible for auto-proxying)
2021-11-16 01:11:39.824  INFO 10996 --- [restartedMain] o.s.b.w.embedded.tomcat.TomcatWebServer  : Tomcat initialized with port(s): 8082 (http)
2021-11-16 01:11:39.834  INFO 10996 --- [restartedMain] o.apache.catalina.core.StandardService   : Starting service [Tomcat]
2021-11-16 01:11:39.834  INFO 10996 --- [restartedMain] org.apache.catalina.core.StandardEngine  : Starting Servlet engine: [Apache Tomcat/9.0.17]
2021-11-16 01:11:39.884  INFO 10996 --- [restartedMain] o.a.c.c.C.[.[localhost].[/SpringMVC]     : Initializing Spring embedded WebApplicationContext
2021-11-16 01:11:39.885  INFO 10996 --- [restartedMain] o.s.web.context.ContextLoader            : Root WebApplicationContext: initialization completed in 1019 ms
2021-11-16 01:11:40.124  INFO 10996 --- [restartedMain] com.zaxxer.hikari.HikariDataSource       : HikariPool-12 - Starting...
2021-11-16 01:11:40.134  INFO 10996 --- [restartedMain] com.zaxxer.hikari.HikariDataSource       : HikariPool-12 - Start completed.
2021-11-16 01:11:40.158  INFO 10996 --- [restartedMain] o.hibernate.jpa.internal.util.LogHelper  : HHH000204: Processing PersistenceUnitInfo [
	name: default
	...]
2021-11-16 01:11:40.244  INFO 10996 --- [restartedMain] org.hibernate.dialect.Dialect            : HHH000400: Using dialect: org.hibernate.dialect.MySQL5Dialect
2021-11-16 01:11:41.968  INFO 10996 --- [restartedMain] j.LocalContainerEntityManagerFactoryBean : Initialized JPA EntityManagerFactory for persistence unit 'default'
2021-11-16 01:11:41.987  INFO 10996 --- [restartedMain] o.s.b.d.a.OptionalLiveReloadServer       : LiveReload server is running on port 35729
2021-11-16 01:11:42.068  INFO 10996 --- [restartedMain] o.h.h.i.QueryTranslatorFactoryInitiator  : HHH000397: Using ASTQueryTranslatorFactory
2021-11-16 01:11:42.360  INFO 10996 --- [restartedMain] o.s.s.concurrent.ThreadPoolTaskExecutor  : Initializing ExecutorService 'applicationTaskExecutor'
2021-11-16 01:11:42.366  WARN 10996 --- [restartedMain] aWebConfiguration$JpaWebMvcConfiguration : spring.jpa.open-in-view is enabled by default. Therefore, database queries may be performed during view rendering. Explicitly configure spring.jpa.open-in-view to disable this warning
2021-11-16 01:11:42.531  INFO 10996 --- [restartedMain] o.s.b.w.embedded.tomcat.TomcatWebServer  : Tomcat started on port(s): 8082 (http) with context path '/SpringMVC'
2021-11-16 01:11:42.532  INFO 10996 --- [restartedMain] SpringBootCoreDataJpaMvcRest1Application : Started TimesheetSpringBootCoreDataJpaMvcRest1Application in 3.73 seconds (JVM running for 6419.877)
2021-11-16 01:11:42.535  INFO 10996 --- [restartedMain] .ConditionEvaluationDeltaLoggingListener : Condition evaluation unchanged
2021-11-16 01:11:46.853  INFO 14660 --- [main] tn.esprit.spring.MissionServiceImplTest  : Starting MissionServiceImplTest on DESKTOP-FE3B4JC with PID 14660 (started by hiba in C:\Users\hiba\Desktop\project_devops\DEVOPS)
2021-11-16 01:11:46.856  INFO 14660 --- [main] tn.esprit.spring.MissionServiceImplTest  : No active profile set, falling back to default profiles: default
2021-11-16 01:11:49.430  INFO 14660 --- [main] .s.d.r.c.RepositoryConfigurationDelegate : Bootstrapping Spring Data repositories in DEFAULT mode.
2021-11-16 01:11:49.744  INFO 14660 --- [main] .s.d.r.c.RepositoryConfigurationDelegate : Finished Spring Data repository scanning in 275ms. Found 6 repository interfaces.
2021-11-16 01:11:50.673  INFO 14660 --- [main] trationDelegate$BeanPostProcessorChecker : Bean 'org.springframework.transaction.annotation.ProxyTransactionManagementConfiguration' of type [org.springframework.transaction.annotation.ProxyTransactionManagementConfiguration$$EnhancerBySpringCGLIB$$c5c9407] is not eligible for getting processed by all BeanPostProcessors (for example: not eligible for auto-proxying)
2021-11-16 01:11:51.876  INFO 14660 --- [main] com.zaxxer.hikari.HikariDataSource       : HikariPool-1 - Starting...
2021-11-16 01:11:53.655  INFO 14660 --- [main] com.zaxxer.hikari.HikariDataSource       : HikariPool-1 - Start completed.
2021-11-16 01:11:54.567  INFO 14660 --- [main] o.hibernate.jpa.internal.util.LogHelper  : HHH000204: Processing PersistenceUnitInfo [
	name: default
	...]
2021-11-16 01:11:55.851  INFO 14660 --- [main] org.hibernate.Version                    : HHH000412: Hibernate Core {5.3.9.Final}
2021-11-16 01:11:55.880  INFO 14660 --- [main] org.hibernate.cfg.Environment            : HHH000206: hibernate.properties not found
2021-11-16 01:11:57.798  INFO 14660 --- [main] o.hibernate.annotations.common.Version   : HCANN000001: Hibernate Commons Annotations {5.0.4.Final}
2021-11-16 01:11:59.068  INFO 14660 --- [main] org.hibernate.dialect.Dialect            : HHH000400: Using dialect: org.hibernate.dialect.MySQL5Dialect
2021-11-16 01:12:04.500  INFO 14660 --- [main] j.LocalContainerEntityManagerFactoryBean : Initialized JPA EntityManagerFactory for persistence unit 'default'
2021-11-16 01:12:05.534  INFO 14660 --- [main] o.h.h.i.QueryTranslatorFactoryInitiator  : HHH000397: Using ASTQueryTranslatorFactory
2021-11-16 01:12:08.009  INFO 14660 --- [main] o.s.s.concurrent.ThreadPoolTaskExecutor  : Initializing ExecutorService 'applicationTaskExecutor'
2021-11-16 01:12:08.145  WARN 14660 --- [main] aWebConfiguration$JpaWebMvcConfiguration : spring.jpa.open-in-view is enabled by default. Therefore, database queries may be performed during view rendering. Explicitly configure spring.jpa.open-in-view to disable this warning
2021-11-16 01:12:09.140  INFO 14660 --- [main] tn.esprit.spring.MissionServiceImplTest  : Started MissionServiceImplTest in 23.538 seconds (JVM running for 27.548)
2021-11-16 01:12:09.657  INFO 14660 --- [main] t.e.spring.services.MissionServiceImpl   : Adding Mission to Departement
2021-11-16 01:12:09.835 ERROR 14660 --- [main] t.e.spring.services.MissionServiceImpl   : java.util.NoSuchElementException: No value present
2021-11-16 01:12:09.850  INFO 14660 --- [main] t.e.spring.services.MissionServiceImpl   : getting employe by mission :0
2021-11-16 01:12:09.957  INFO 14660 --- [main] t.e.spring.services.MissionServiceImpl   : getting employe by mission :0succefully
2021-11-16 01:12:09.968  INFO 14660 --- [main] t.e.spring.services.MissionServiceImpl   : Adding  mission
2021-11-16 01:12:10.086  INFO 14660 --- [main] t.e.spring.services.MissionServiceImpl   : Mission Added  Succefully !
2021-11-16 01:12:10.091  INFO 14660 --- [main] t.e.spring.services.MissionServiceImpl   : getting Mission by employé :0
2021-11-16 01:12:10.095  INFO 14660 --- [main] t.e.spring.services.MissionServiceImpl   : getting Mission by employé :0succefully
2021-11-16 01:12:10.098  INFO 14660 --- [main] t.e.spring.services.MissionServiceImpl   : getting Employee
2021-11-16 01:12:10.496  INFO 14660 --- [Thread-2] o.s.s.concurrent.ThreadPoolTaskExecutor  : Shutting down ExecutorService 'applicationTaskExecutor'
2021-11-16 01:12:10.502  INFO 14660 --- [Thread-2] j.LocalContainerEntityManagerFactoryBean : Closing JPA EntityManagerFactory for persistence unit 'default'
2021-11-16 01:12:10.508  INFO 14660 --- [Thread-2] com.zaxxer.hikari.HikariDataSource       : HikariPool-1 - Shutdown initiated...
2021-11-16 01:12:10.562  INFO 14660 --- [Thread-2] com.zaxxer.hikari.HikariDataSource       : HikariPool-1 - Shutdown completed.
2021-11-16 01:14:43.674  INFO 10996 --- [Thread-70] o.s.s.concurrent.ThreadPoolTaskExecutor  : Shutting down ExecutorService 'applicationTaskExecutor'
2021-11-16 01:14:43.676  INFO 10996 --- [Thread-70] j.LocalContainerEntityManagerFactoryBean : Closing JPA EntityManagerFactory for persistence unit 'default'
2021-11-16 01:14:43.678  INFO 10996 --- [Thread-70] com.zaxxer.hikari.HikariDataSource       : HikariPool-12 - Shutdown initiated...
2021-11-16 01:14:43.707  INFO 10996 --- [Thread-70] com.zaxxer.hikari.HikariDataSource       : HikariPool-12 - Shutdown completed.
2021-11-16 01:14:45.717  INFO 10996 --- [restartedMain] SpringBootCoreDataJpaMvcRest1Application : Starting TimesheetSpringBootCoreDataJpaMvcRest1Application on DESKTOP-FE3B4JC with PID 10996 (C:\Users\hiba\Desktop\project_devops\DEVOPS\src\main\webapp\WEB-INF\classes started by hiba in C:\Users\hiba\Desktop\project_devops\DEVOPS)
2021-11-16 01:14:45.718  INFO 10996 --- [restartedMain] SpringBootCoreDataJpaMvcRest1Application : No active profile set, falling back to default profiles: default
2021-11-16 01:14:47.323  INFO 10996 --- [restartedMain] .s.d.r.c.RepositoryConfigurationDelegate : Bootstrapping Spring Data repositories in DEFAULT mode.
2021-11-16 01:14:47.456  INFO 10996 --- [restartedMain] .s.d.r.c.RepositoryConfigurationDelegate : Finished Spring Data repository scanning in 133ms. Found 6 repository interfaces.
2021-11-16 01:14:47.634  INFO 10996 --- [restartedMain] trationDelegate$BeanPostProcessorChecker : Bean 'org.springframework.transaction.annotation.ProxyTransactionManagementConfiguration' of type [org.springframework.transaction.annotation.ProxyTransactionManagementConfiguration$$EnhancerBySpringCGLIB$$486ee0db] is not eligible for getting processed by all BeanPostProcessors (for example: not eligible for auto-proxying)
2021-11-16 01:14:47.994  INFO 10996 --- [restartedMain] o.s.b.w.embedded.tomcat.TomcatWebServer  : Tomcat initialized with port(s): 8082 (http)
2021-11-16 01:14:47.996  INFO 10996 --- [restartedMain] o.apache.catalina.core.StandardService   : Starting service [Tomcat]
2021-11-16 01:14:47.996  INFO 10996 --- [restartedMain] org.apache.catalina.core.StandardEngine  : Starting Servlet engine: [Apache Tomcat/9.0.17]
2021-11-16 01:14:48.060  INFO 10996 --- [restartedMain] o.a.c.c.C.[.[localhost].[/SpringMVC]     : Initializing Spring embedded WebApplicationContext
2021-11-16 01:14:48.060  INFO 10996 --- [restartedMain] o.s.web.context.ContextLoader            : Root WebApplicationContext: initialization completed in 2337 ms
2021-11-16 01:14:48.175  INFO 10996 --- [restartedMain] com.zaxxer.hikari.HikariDataSource       : HikariPool-13 - Starting...
2021-11-16 01:14:48.182  INFO 10996 --- [restartedMain] com.zaxxer.hikari.HikariDataSource       : HikariPool-13 - Start completed.
2021-11-16 01:14:48.199  INFO 10996 --- [restartedMain] o.hibernate.jpa.internal.util.LogHelper  : HHH000204: Processing PersistenceUnitInfo [
	name: default
	...]
2021-11-16 01:14:48.222  INFO 10996 --- [restartedMain] org.hibernate.dialect.Dialect            : HHH000400: Using dialect: org.hibernate.dialect.MySQL5Dialect
2021-11-16 01:14:49.344  INFO 10996 --- [restartedMain] j.LocalContainerEntityManagerFactoryBean : Initialized JPA EntityManagerFactory for persistence unit 'default'
2021-11-16 01:14:49.380  INFO 10996 --- [restartedMain] o.s.b.d.a.OptionalLiveReloadServer       : LiveReload server is running on port 35729
2021-11-16 01:14:49.768  INFO 10996 --- [restartedMain] o.h.h.i.QueryTranslatorFactoryInitiator  : HHH000397: Using ASTQueryTranslatorFactory
2021-11-16 01:14:50.009  INFO 10996 --- [restartedMain] o.s.s.concurrent.ThreadPoolTaskExecutor  : Initializing ExecutorService 'applicationTaskExecutor'
2021-11-16 01:14:50.031  WARN 10996 --- [restartedMain] aWebConfiguration$JpaWebMvcConfiguration : spring.jpa.open-in-view is enabled by default. Therefore, database queries may be performed during view rendering. Explicitly configure spring.jpa.open-in-view to disable this warning
2021-11-16 01:14:50.428  INFO 10996 --- [restartedMain] o.s.b.w.embedded.tomcat.TomcatWebServer  : Tomcat started on port(s): 8082 (http) with context path '/SpringMVC'
2021-11-16 01:14:50.429  INFO 10996 --- [restartedMain] SpringBootCoreDataJpaMvcRest1Application : Started TimesheetSpringBootCoreDataJpaMvcRest1Application in 4.889 seconds (JVM running for 6607.773)
2021-11-16 01:14:50.433  INFO 10996 --- [restartedMain] .ConditionEvaluationDeltaLoggingListener : Condition evaluation unchanged
2021-11-16 01:14:55.750  INFO 12232 --- [main] tn.esprit.spring.MissionServiceImplTest  : Starting MissionServiceImplTest on DESKTOP-FE3B4JC with PID 12232 (started by hiba in C:\Users\hiba\Desktop\project_devops\DEVOPS)
2021-11-16 01:14:55.754  INFO 12232 --- [main] tn.esprit.spring.MissionServiceImplTest  : No active profile set, falling back to default profiles: default
2021-11-16 01:14:58.241  INFO 12232 --- [main] .s.d.r.c.RepositoryConfigurationDelegate : Bootstrapping Spring Data repositories in DEFAULT mode.
2021-11-16 01:14:58.497  INFO 12232 --- [main] .s.d.r.c.RepositoryConfigurationDelegate : Finished Spring Data repository scanning in 231ms. Found 6 repository interfaces.
2021-11-16 01:14:59.591  INFO 12232 --- [main] trationDelegate$BeanPostProcessorChecker : Bean 'org.springframework.transaction.annotation.ProxyTransactionManagementConfiguration' of type [org.springframework.transaction.annotation.ProxyTransactionManagementConfiguration$$EnhancerBySpringCGLIB$$4ae39ef4] is not eligible for getting processed by all BeanPostProcessors (for example: not eligible for auto-proxying)
2021-11-16 01:15:00.478  INFO 12232 --- [main] com.zaxxer.hikari.HikariDataSource       : HikariPool-1 - Starting...
2021-11-16 01:15:00.895  INFO 12232 --- [main] com.zaxxer.hikari.HikariDataSource       : HikariPool-1 - Start completed.
2021-11-16 01:15:01.101  INFO 12232 --- [main] o.hibernate.jpa.internal.util.LogHelper  : HHH000204: Processing PersistenceUnitInfo [
	name: default
	...]
2021-11-16 01:15:01.258  INFO 12232 --- [main] org.hibernate.Version                    : HHH000412: Hibernate Core {5.3.9.Final}
2021-11-16 01:15:01.262  INFO 12232 --- [main] org.hibernate.cfg.Environment            : HHH000206: hibernate.properties not found
2021-11-16 01:15:01.586  INFO 12232 --- [main] o.hibernate.annotations.common.Version   : HCANN000001: Hibernate Commons Annotations {5.0.4.Final}
2021-11-16 01:15:02.677  INFO 12232 --- [main] org.hibernate.dialect.Dialect            : HHH000400: Using dialect: org.hibernate.dialect.MySQL5Dialect
2021-11-16 01:15:05.014  INFO 12232 --- [main] j.LocalContainerEntityManagerFactoryBean : Initialized JPA EntityManagerFactory for persistence unit 'default'
2021-11-16 01:15:05.835  INFO 12232 --- [main] o.h.h.i.QueryTranslatorFactoryInitiator  : HHH000397: Using ASTQueryTranslatorFactory
2021-11-16 01:15:07.951  INFO 12232 --- [main] o.s.s.concurrent.ThreadPoolTaskExecutor  : Initializing ExecutorService 'applicationTaskExecutor'
2021-11-16 01:15:08.163  WARN 12232 --- [main] aWebConfiguration$JpaWebMvcConfiguration : spring.jpa.open-in-view is enabled by default. Therefore, database queries may be performed during view rendering. Explicitly configure spring.jpa.open-in-view to disable this warning
2021-11-16 01:15:09.380  INFO 12232 --- [main] tn.esprit.spring.MissionServiceImplTest  : Started MissionServiceImplTest in 14.822 seconds (JVM running for 17.088)
2021-11-16 01:15:09.845  INFO 12232 --- [main] t.e.spring.services.MissionServiceImpl   : Adding Mission to Departement
2021-11-16 01:15:09.999 ERROR 12232 --- [main] t.e.spring.services.MissionServiceImpl   : java.util.NoSuchElementException: No value present
2021-11-16 01:15:10.018  INFO 12232 --- [main] t.e.spring.services.MissionServiceImpl   : getting employe by mission :0
2021-11-16 01:15:10.132  INFO 12232 --- [main] t.e.spring.services.MissionServiceImpl   : getting employe by mission :0succefully
2021-11-16 01:15:10.143  INFO 12232 --- [main] t.e.spring.services.MissionServiceImpl   : Adding  mission
2021-11-16 01:15:10.237  INFO 12232 --- [main] t.e.spring.services.MissionServiceImpl   : Mission Added  Succefully !
2021-11-16 01:15:10.241  INFO 12232 --- [main] t.e.spring.services.MissionServiceImpl   : getting Mission by employé :0
2021-11-16 01:15:10.247  INFO 12232 --- [main] t.e.spring.services.MissionServiceImpl   : getting Mission by employé :0succefully
2021-11-16 01:15:10.248  INFO 12232 --- [main] t.e.spring.services.MissionServiceImpl   : getting Employee
2021-11-16 01:15:10.692  INFO 12232 --- [Thread-2] o.s.s.concurrent.ThreadPoolTaskExecutor  : Shutting down ExecutorService 'applicationTaskExecutor'
2021-11-16 01:15:10.733  INFO 12232 --- [Thread-2] j.LocalContainerEntityManagerFactoryBean : Closing JPA EntityManagerFactory for persistence unit 'default'
2021-11-16 01:15:10.740  INFO 12232 --- [Thread-2] com.zaxxer.hikari.HikariDataSource       : HikariPool-1 - Shutdown initiated...
2021-11-16 01:15:10.761  INFO 12232 --- [Thread-2] com.zaxxer.hikari.HikariDataSource       : HikariPool-1 - Shutdown completed.
2021-11-16 01:18:45.812  INFO 10996 --- [Thread-76] o.s.s.concurrent.ThreadPoolTaskExecutor  : Shutting down ExecutorService 'applicationTaskExecutor'
2021-11-16 01:18:45.814  INFO 10996 --- [Thread-76] j.LocalContainerEntityManagerFactoryBean : Closing JPA EntityManagerFactory for persistence unit 'default'
2021-11-16 01:18:45.816  INFO 10996 --- [Thread-76] com.zaxxer.hikari.HikariDataSource       : HikariPool-13 - Shutdown initiated...
2021-11-16 01:18:45.837  INFO 10996 --- [Thread-76] com.zaxxer.hikari.HikariDataSource       : HikariPool-13 - Shutdown completed.
2021-11-16 01:18:48.300  INFO 10996 --- [restartedMain] SpringBootCoreDataJpaMvcRest1Application : Starting TimesheetSpringBootCoreDataJpaMvcRest1Application on DESKTOP-FE3B4JC with PID 10996 (C:\Users\hiba\Desktop\project_devops\DEVOPS\src\main\webapp\WEB-INF\classes started by hiba in C:\Users\hiba\Desktop\project_devops\DEVOPS)
2021-11-16 01:18:48.301  INFO 10996 --- [restartedMain] SpringBootCoreDataJpaMvcRest1Application : No active profile set, falling back to default profiles: default
2021-11-16 01:18:49.740  INFO 10996 --- [restartedMain] .s.d.r.c.RepositoryConfigurationDelegate : Bootstrapping Spring Data repositories in DEFAULT mode.
2021-11-16 01:18:49.855  INFO 10996 --- [restartedMain] .s.d.r.c.RepositoryConfigurationDelegate : Finished Spring Data repository scanning in 115ms. Found 6 repository interfaces.
2021-11-16 01:18:50.042  INFO 10996 --- [restartedMain] trationDelegate$BeanPostProcessorChecker : Bean 'org.springframework.transaction.annotation.ProxyTransactionManagementConfiguration' of type [org.springframework.transaction.annotation.ProxyTransactionManagementConfiguration$$EnhancerBySpringCGLIB$$486ee0db] is not eligible for getting processed by all BeanPostProcessors (for example: not eligible for auto-proxying)
2021-11-16 01:18:50.365  INFO 10996 --- [restartedMain] o.s.b.w.embedded.tomcat.TomcatWebServer  : Tomcat initialized with port(s): 8082 (http)
2021-11-16 01:18:50.370  INFO 10996 --- [restartedMain] o.apache.catalina.core.StandardService   : Starting service [Tomcat]
2021-11-16 01:18:50.370  INFO 10996 --- [restartedMain] org.apache.catalina.core.StandardEngine  : Starting Servlet engine: [Apache Tomcat/9.0.17]
2021-11-16 01:18:50.425  INFO 10996 --- [restartedMain] o.a.c.c.C.[.[localhost].[/SpringMVC]     : Initializing Spring embedded WebApplicationContext
2021-11-16 01:18:50.425  INFO 10996 --- [restartedMain] o.s.web.context.ContextLoader            : Root WebApplicationContext: initialization completed in 2120 ms
2021-11-16 01:18:50.559  INFO 10996 --- [restartedMain] com.zaxxer.hikari.HikariDataSource       : HikariPool-14 - Starting...
2021-11-16 01:18:50.589  INFO 10996 --- [restartedMain] com.zaxxer.hikari.HikariDataSource       : HikariPool-14 - Start completed.
2021-11-16 01:18:50.607  INFO 10996 --- [restartedMain] o.hibernate.jpa.internal.util.LogHelper  : HHH000204: Processing PersistenceUnitInfo [
	name: default
	...]
2021-11-16 01:18:50.631  INFO 10996 --- [restartedMain] org.hibernate.dialect.Dialect            : HHH000400: Using dialect: org.hibernate.dialect.MySQL5Dialect
2021-11-16 01:18:52.760  INFO 10996 --- [restartedMain] j.LocalContainerEntityManagerFactoryBean : Initialized JPA EntityManagerFactory for persistence unit 'default'
2021-11-16 01:18:52.786  INFO 10996 --- [restartedMain] o.s.b.d.a.OptionalLiveReloadServer       : LiveReload server is running on port 35729
2021-11-16 01:18:53.532  INFO 10996 --- [restartedMain] o.h.h.i.QueryTranslatorFactoryInitiator  : HHH000397: Using ASTQueryTranslatorFactory
2021-11-16 01:18:53.649  INFO 10996 --- [restartedMain] o.s.s.concurrent.ThreadPoolTaskExecutor  : Initializing ExecutorService 'applicationTaskExecutor'
2021-11-16 01:18:53.669  WARN 10996 --- [restartedMain] aWebConfiguration$JpaWebMvcConfiguration : spring.jpa.open-in-view is enabled by default. Therefore, database queries may be performed during view rendering. Explicitly configure spring.jpa.open-in-view to disable this warning
2021-11-16 01:18:53.815  INFO 10996 --- [restartedMain] o.s.b.w.embedded.tomcat.TomcatWebServer  : Tomcat started on port(s): 8082 (http) with context path '/SpringMVC'
2021-11-16 01:18:53.816  INFO 10996 --- [restartedMain] SpringBootCoreDataJpaMvcRest1Application : Started TimesheetSpringBootCoreDataJpaMvcRest1Application in 5.635 seconds (JVM running for 6851.16)
2021-11-16 01:18:53.820  INFO 10996 --- [restartedMain] .ConditionEvaluationDeltaLoggingListener : Condition evaluation unchanged
2021-11-16 01:18:58.470  INFO 7212 --- [main] tn.esprit.spring.MissionServiceImplTest  : Starting MissionServiceImplTest on DESKTOP-FE3B4JC with PID 7212 (started by hiba in C:\Users\hiba\Desktop\project_devops\DEVOPS)
2021-11-16 01:18:58.474  INFO 7212 --- [main] tn.esprit.spring.MissionServiceImplTest  : No active profile set, falling back to default profiles: default
2021-11-16 01:19:00.919  INFO 7212 --- [main] .s.d.r.c.RepositoryConfigurationDelegate : Bootstrapping Spring Data repositories in DEFAULT mode.
2021-11-16 01:19:01.206  INFO 7212 --- [main] .s.d.r.c.RepositoryConfigurationDelegate : Finished Spring Data repository scanning in 257ms. Found 6 repository interfaces.
2021-11-16 01:19:02.201  INFO 7212 --- [main] trationDelegate$BeanPostProcessorChecker : Bean 'org.springframework.transaction.annotation.ProxyTransactionManagementConfiguration' of type [org.springframework.transaction.annotation.ProxyTransactionManagementConfiguration$$EnhancerBySpringCGLIB$$c87a84d0] is not eligible for getting processed by all BeanPostProcessors (for example: not eligible for auto-proxying)
2021-11-16 01:19:02.906  INFO 7212 --- [main] com.zaxxer.hikari.HikariDataSource       : HikariPool-1 - Starting...
2021-11-16 01:19:03.199  INFO 7212 --- [main] com.zaxxer.hikari.HikariDataSource       : HikariPool-1 - Start completed.
2021-11-16 01:19:03.402  INFO 7212 --- [main] o.hibernate.jpa.internal.util.LogHelper  : HHH000204: Processing PersistenceUnitInfo [
	name: default
	...]
2021-11-16 01:19:03.591  INFO 7212 --- [main] org.hibernate.Version                    : HHH000412: Hibernate Core {5.3.9.Final}
2021-11-16 01:19:03.596  INFO 7212 --- [main] org.hibernate.cfg.Environment            : HHH000206: hibernate.properties not found
2021-11-16 01:19:03.980  INFO 7212 --- [main] o.hibernate.annotations.common.Version   : HCANN000001: Hibernate Commons Annotations {5.0.4.Final}
2021-11-16 01:19:04.924  INFO 7212 --- [main] org.hibernate.dialect.Dialect            : HHH000400: Using dialect: org.hibernate.dialect.MySQL5Dialect
2021-11-16 01:19:07.736  INFO 7212 --- [main] j.LocalContainerEntityManagerFactoryBean : Initialized JPA EntityManagerFactory for persistence unit 'default'
2021-11-16 01:19:08.715  INFO 7212 --- [main] o.h.h.i.QueryTranslatorFactoryInitiator  : HHH000397: Using ASTQueryTranslatorFactory
2021-11-16 01:19:10.957  INFO 7212 --- [main] o.s.s.concurrent.ThreadPoolTaskExecutor  : Initializing ExecutorService 'applicationTaskExecutor'
2021-11-16 01:19:11.121  WARN 7212 --- [main] aWebConfiguration$JpaWebMvcConfiguration : spring.jpa.open-in-view is enabled by default. Therefore, database queries may be performed during view rendering. Explicitly configure spring.jpa.open-in-view to disable this warning
2021-11-16 01:19:12.306  INFO 7212 --- [main] tn.esprit.spring.MissionServiceImplTest  : Started MissionServiceImplTest in 15.052 seconds (JVM running for 17.423)
2021-11-16 01:19:12.529  INFO 7212 --- [main] t.e.spring.services.MissionServiceImpl   : Adding Mission to Departement
2021-11-16 01:19:12.663 ERROR 7212 --- [main] t.e.spring.services.MissionServiceImpl   : java.util.NoSuchElementException: No value present
2021-11-16 01:19:12.679  INFO 7212 --- [main] t.e.spring.services.MissionServiceImpl   : getting employe by mission :0
2021-11-16 01:19:12.793  INFO 7212 --- [main] t.e.spring.services.MissionServiceImpl   : getting employe by mission :0succefully
2021-11-16 01:19:12.804  INFO 7212 --- [main] t.e.spring.services.MissionServiceImpl   : Adding  mission
2021-11-16 01:19:12.905  INFO 7212 --- [main] t.e.spring.services.MissionServiceImpl   : Mission Added  Succefully !
2021-11-16 01:19:12.912  INFO 7212 --- [main] t.e.spring.services.MissionServiceImpl   : getting Mission by employé :0
2021-11-16 01:19:12.920  INFO 7212 --- [main] t.e.spring.services.MissionServiceImpl   : getting Mission by employé :0succefully
2021-11-16 01:19:12.921  INFO 7212 --- [main] t.e.spring.services.MissionServiceImpl   : getting Employee
2021-11-16 01:19:13.309  INFO 7212 --- [Thread-2] o.s.s.concurrent.ThreadPoolTaskExecutor  : Shutting down ExecutorService 'applicationTaskExecutor'
2021-11-16 01:19:13.313  INFO 7212 --- [Thread-2] j.LocalContainerEntityManagerFactoryBean : Closing JPA EntityManagerFactory for persistence unit 'default'
2021-11-16 01:19:13.322  INFO 7212 --- [Thread-2] com.zaxxer.hikari.HikariDataSource       : HikariPool-1 - Shutdown initiated...
2021-11-16 01:19:13.345  INFO 7212 --- [Thread-2] com.zaxxer.hikari.HikariDataSource       : HikariPool-1 - Shutdown completed.
2021-11-16 02:20:12.882  INFO 10996 --- [Thread-82] o.s.s.concurrent.ThreadPoolTaskExecutor  : Shutting down ExecutorService 'applicationTaskExecutor'
2021-11-16 02:20:13.526  INFO 10996 --- [Thread-82] j.LocalContainerEntityManagerFactoryBean : Closing JPA EntityManagerFactory for persistence unit 'default'
2021-11-16 02:20:14.344  INFO 10996 --- [Thread-82] com.zaxxer.hikari.HikariDataSource       : HikariPool-14 - Shutdown initiated...
2021-11-16 02:20:14.526  INFO 10996 --- [Thread-82] com.zaxxer.hikari.HikariDataSource       : HikariPool-14 - Shutdown completed.
2021-11-16 02:20:36.978  INFO 10996 --- [restartedMain] SpringBootCoreDataJpaMvcRest1Application : Starting TimesheetSpringBootCoreDataJpaMvcRest1Application on DESKTOP-FE3B4JC with PID 10996 (C:\Users\hiba\Desktop\project_devops\DEVOPS\src\main\webapp\WEB-INF\classes started by hiba in C:\Users\hiba\Desktop\project_devops\DEVOPS)
2021-11-16 02:20:36.978  INFO 10996 --- [restartedMain] SpringBootCoreDataJpaMvcRest1Application : No active profile set, falling back to default profiles: default
2021-11-16 02:20:38.292  INFO 10996 --- [restartedMain] .s.d.r.c.RepositoryConfigurationDelegate : Bootstrapping Spring Data repositories in DEFAULT mode.
2021-11-16 02:20:38.408  INFO 10996 --- [restartedMain] .s.d.r.c.RepositoryConfigurationDelegate : Finished Spring Data repository scanning in 115ms. Found 6 repository interfaces.
2021-11-16 02:20:38.723  INFO 10996 --- [restartedMain] trationDelegate$BeanPostProcessorChecker : Bean 'org.springframework.transaction.annotation.ProxyTransactionManagementConfiguration' of type [org.springframework.transaction.annotation.ProxyTransactionManagementConfiguration$$EnhancerBySpringCGLIB$$486ee0db] is not eligible for getting processed by all BeanPostProcessors (for example: not eligible for auto-proxying)
2021-11-16 02:20:39.598  INFO 10996 --- [restartedMain] o.s.b.w.embedded.tomcat.TomcatWebServer  : Tomcat initialized with port(s): 8082 (http)
2021-11-16 02:20:39.599  INFO 10996 --- [restartedMain] o.apache.catalina.core.StandardService   : Starting service [Tomcat]
2021-11-16 02:20:39.599  INFO 10996 --- [restartedMain] org.apache.catalina.core.StandardEngine  : Starting Servlet engine: [Apache Tomcat/9.0.17]
2021-11-16 02:20:39.991  INFO 10996 --- [restartedMain] o.a.c.c.C.[.[localhost].[/SpringMVC]     : Initializing Spring embedded WebApplicationContext
2021-11-16 02:20:39.991  INFO 10996 --- [restartedMain] o.s.web.context.ContextLoader            : Root WebApplicationContext: initialization completed in 2963 ms
2021-11-16 02:20:40.277  INFO 10996 --- [restartedMain] com.zaxxer.hikari.HikariDataSource       : HikariPool-15 - Starting...
2021-11-16 02:20:40.283  INFO 10996 --- [restartedMain] com.zaxxer.hikari.HikariDataSource       : HikariPool-15 - Start completed.
2021-11-16 02:20:40.661  INFO 10996 --- [restartedMain] o.hibernate.jpa.internal.util.LogHelper  : HHH000204: Processing PersistenceUnitInfo [
	name: default
	...]
2021-11-16 02:20:40.713  INFO 10996 --- [restartedMain] org.hibernate.dialect.Dialect            : HHH000400: Using dialect: org.hibernate.dialect.MySQL5Dialect
2021-11-16 02:20:43.131  INFO 10996 --- [restartedMain] j.LocalContainerEntityManagerFactoryBean : Initialized JPA EntityManagerFactory for persistence unit 'default'
2021-11-16 02:20:43.252  INFO 10996 --- [restartedMain] o.s.b.d.a.OptionalLiveReloadServer       : LiveReload server is running on port 35729
2021-11-16 02:20:43.985  INFO 10996 --- [restartedMain] o.h.h.i.QueryTranslatorFactoryInitiator  : HHH000397: Using ASTQueryTranslatorFactory
2021-11-16 02:20:44.993  INFO 10996 --- [restartedMain] o.s.s.concurrent.ThreadPoolTaskExecutor  : Initializing ExecutorService 'applicationTaskExecutor'
2021-11-16 02:20:45.009  WARN 10996 --- [restartedMain] aWebConfiguration$JpaWebMvcConfiguration : spring.jpa.open-in-view is enabled by default. Therefore, database queries may be performed during view rendering. Explicitly configure spring.jpa.open-in-view to disable this warning
2021-11-16 02:20:48.519  INFO 10996 --- [restartedMain] o.s.b.w.embedded.tomcat.TomcatWebServer  : Tomcat started on port(s): 8082 (http) with context path '/SpringMVC'
2021-11-16 02:20:48.522  INFO 10996 --- [restartedMain] SpringBootCoreDataJpaMvcRest1Application : Started TimesheetSpringBootCoreDataJpaMvcRest1Application in 12.111 seconds (JVM running for 10565.866)
2021-11-16 02:20:48.530  INFO 10996 --- [restartedMain] .ConditionEvaluationDeltaLoggingListener : Condition evaluation unchanged
2021-11-16 02:23:53.995  INFO 10996 --- [Thread-88] o.s.s.concurrent.ThreadPoolTaskExecutor  : Shutting down ExecutorService 'applicationTaskExecutor'
2021-11-16 02:23:53.997  INFO 10996 --- [Thread-88] j.LocalContainerEntityManagerFactoryBean : Closing JPA EntityManagerFactory for persistence unit 'default'
2021-11-16 02:23:53.999  INFO 10996 --- [Thread-88] com.zaxxer.hikari.HikariDataSource       : HikariPool-15 - Shutdown initiated...
2021-11-16 02:23:54.008  INFO 10996 --- [Thread-88] com.zaxxer.hikari.HikariDataSource       : HikariPool-15 - Shutdown completed.
2021-11-16 02:23:54.906  INFO 10996 --- [restartedMain] SpringBootCoreDataJpaMvcRest1Application : Starting TimesheetSpringBootCoreDataJpaMvcRest1Application on DESKTOP-FE3B4JC with PID 10996 (C:\Users\hiba\Desktop\project_devops\DEVOPS\src\main\webapp\WEB-INF\classes started by hiba in C:\Users\hiba\Desktop\project_devops\DEVOPS)
2021-11-16 02:23:54.906  INFO 10996 --- [restartedMain] SpringBootCoreDataJpaMvcRest1Application : No active profile set, falling back to default profiles: default
2021-11-16 02:23:55.298  INFO 10996 --- [restartedMain] .s.d.r.c.RepositoryConfigurationDelegate : Bootstrapping Spring Data repositories in DEFAULT mode.
2021-11-16 02:23:55.335  INFO 10996 --- [restartedMain] .s.d.r.c.RepositoryConfigurationDelegate : Finished Spring Data repository scanning in 37ms. Found 6 repository interfaces.
2021-11-16 02:23:55.455  INFO 10996 --- [restartedMain] trationDelegate$BeanPostProcessorChecker : Bean 'org.springframework.transaction.annotation.ProxyTransactionManagementConfiguration' of type [org.springframework.transaction.annotation.ProxyTransactionManagementConfiguration$$EnhancerBySpringCGLIB$$486ee0db] is not eligible for getting processed by all BeanPostProcessors (for example: not eligible for auto-proxying)
2021-11-16 02:23:55.611  INFO 10996 --- [restartedMain] o.s.b.w.embedded.tomcat.TomcatWebServer  : Tomcat initialized with port(s): 8082 (http)
2021-11-16 02:23:55.612  INFO 10996 --- [restartedMain] o.apache.catalina.core.StandardService   : Starting service [Tomcat]
2021-11-16 02:23:55.612  INFO 10996 --- [restartedMain] org.apache.catalina.core.StandardEngine  : Starting Servlet engine: [Apache Tomcat/9.0.17]
2021-11-16 02:23:55.653  INFO 10996 --- [restartedMain] o.a.c.c.C.[.[localhost].[/SpringMVC]     : Initializing Spring embedded WebApplicationContext
2021-11-16 02:23:55.653  INFO 10996 --- [restartedMain] o.s.web.context.ContextLoader            : Root WebApplicationContext: initialization completed in 744 ms
2021-11-16 02:23:55.724  INFO 10996 --- [restartedMain] com.zaxxer.hikari.HikariDataSource       : HikariPool-16 - Starting...
2021-11-16 02:23:55.730  INFO 10996 --- [restartedMain] com.zaxxer.hikari.HikariDataSource       : HikariPool-16 - Start completed.
2021-11-16 02:23:55.744  INFO 10996 --- [restartedMain] o.hibernate.jpa.internal.util.LogHelper  : HHH000204: Processing PersistenceUnitInfo [
	name: default
	...]
2021-11-16 02:23:55.763  INFO 10996 --- [restartedMain] org.hibernate.dialect.Dialect            : HHH000400: Using dialect: org.hibernate.dialect.MySQL5Dialect
2021-11-16 02:23:56.479  INFO 10996 --- [restartedMain] j.LocalContainerEntityManagerFactoryBean : Initialized JPA EntityManagerFactory for persistence unit 'default'
2021-11-16 02:23:56.494  INFO 10996 --- [restartedMain] o.s.b.d.a.OptionalLiveReloadServer       : LiveReload server is running on port 35729
2021-11-16 02:23:56.565  INFO 10996 --- [restartedMain] o.h.h.i.QueryTranslatorFactoryInitiator  : HHH000397: Using ASTQueryTranslatorFactory
2021-11-16 02:23:56.738  INFO 10996 --- [restartedMain] o.s.s.concurrent.ThreadPoolTaskExecutor  : Initializing ExecutorService 'applicationTaskExecutor'
2021-11-16 02:23:56.745  WARN 10996 --- [restartedMain] aWebConfiguration$JpaWebMvcConfiguration : spring.jpa.open-in-view is enabled by default. Therefore, database queries may be performed during view rendering. Explicitly configure spring.jpa.open-in-view to disable this warning
2021-11-16 02:23:56.854  INFO 10996 --- [restartedMain] o.s.b.w.embedded.tomcat.TomcatWebServer  : Tomcat started on port(s): 8082 (http) with context path '/SpringMVC'
2021-11-16 02:23:56.854  INFO 10996 --- [restartedMain] SpringBootCoreDataJpaMvcRest1Application : Started TimesheetSpringBootCoreDataJpaMvcRest1Application in 1.99 seconds (JVM running for 10754.198)
2021-11-16 02:23:56.857  INFO 10996 --- [restartedMain] .ConditionEvaluationDeltaLoggingListener : Condition evaluation unchanged
2021-11-16 02:25:36.626  INFO 10996 --- [Thread-94] o.s.s.concurrent.ThreadPoolTaskExecutor  : Shutting down ExecutorService 'applicationTaskExecutor'
2021-11-16 02:25:36.629  INFO 10996 --- [Thread-94] j.LocalContainerEntityManagerFactoryBean : Closing JPA EntityManagerFactory for persistence unit 'default'
2021-11-16 02:25:36.631  INFO 10996 --- [Thread-94] com.zaxxer.hikari.HikariDataSource       : HikariPool-16 - Shutdown initiated...
2021-11-16 02:25:36.692  INFO 10996 --- [Thread-94] com.zaxxer.hikari.HikariDataSource       : HikariPool-16 - Shutdown completed.
2021-11-16 02:25:37.805  INFO 10996 --- [restartedMain] SpringBootCoreDataJpaMvcRest1Application : Starting TimesheetSpringBootCoreDataJpaMvcRest1Application on DESKTOP-FE3B4JC with PID 10996 (C:\Users\hiba\Desktop\project_devops\DEVOPS\src\main\webapp\WEB-INF\classes started by hiba in C:\Users\hiba\Desktop\project_devops\DEVOPS)
2021-11-16 02:25:37.806  INFO 10996 --- [restartedMain] SpringBootCoreDataJpaMvcRest1Application : No active profile set, falling back to default profiles: default
2021-11-16 02:25:38.890  INFO 10996 --- [restartedMain] .s.d.r.c.RepositoryConfigurationDelegate : Bootstrapping Spring Data repositories in DEFAULT mode.
2021-11-16 02:25:38.892  INFO 10996 --- [restartedMain] .s.d.r.c.RepositoryConfigurationDelegate : Finished Spring Data repository scanning in 2ms. Found 0 repository interfaces.
2021-11-16 02:25:39.054  INFO 10996 --- [restartedMain] trationDelegate$BeanPostProcessorChecker : Bean 'org.springframework.transaction.annotation.ProxyTransactionManagementConfiguration' of type [org.springframework.transaction.annotation.ProxyTransactionManagementConfiguration$$EnhancerBySpringCGLIB$$486ee0db] is not eligible for getting processed by all BeanPostProcessors (for example: not eligible for auto-proxying)
2021-11-16 02:25:39.211  INFO 10996 --- [restartedMain] o.s.b.w.embedded.tomcat.TomcatWebServer  : Tomcat initialized with port(s): 8082 (http)
2021-11-16 02:25:39.212  INFO 10996 --- [restartedMain] o.apache.catalina.core.StandardService   : Starting service [Tomcat]
2021-11-16 02:25:39.212  INFO 10996 --- [restartedMain] org.apache.catalina.core.StandardEngine  : Starting Servlet engine: [Apache Tomcat/9.0.17]
2021-11-16 02:25:39.243  INFO 10996 --- [restartedMain] o.a.c.c.C.[.[localhost].[/SpringMVC]     : Initializing Spring embedded WebApplicationContext
2021-11-16 02:25:39.243  INFO 10996 --- [restartedMain] o.s.web.context.ContextLoader            : Root WebApplicationContext: initialization completed in 1434 ms
2021-11-16 02:25:39.295  INFO 10996 --- [restartedMain] com.zaxxer.hikari.HikariDataSource       : HikariPool-17 - Starting...
2021-11-16 02:25:39.300  INFO 10996 --- [restartedMain] com.zaxxer.hikari.HikariDataSource       : HikariPool-17 - Start completed.
2021-11-16 02:25:39.305  INFO 10996 --- [restartedMain] o.hibernate.jpa.internal.util.LogHelper  : HHH000204: Processing PersistenceUnitInfo [
	name: default
	...]
2021-11-16 02:25:39.313  INFO 10996 --- [restartedMain] org.hibernate.dialect.Dialect            : HHH000400: Using dialect: org.hibernate.dialect.MySQL5Dialect
2021-11-16 02:25:39.560  INFO 10996 --- [restartedMain] j.LocalContainerEntityManagerFactoryBean : Initialized JPA EntityManagerFactory for persistence unit 'default'
2021-11-16 02:25:39.586  INFO 10996 --- [restartedMain] o.s.b.d.a.OptionalLiveReloadServer       : LiveReload server is running on port 35729
2021-11-16 02:25:39.744  INFO 10996 --- [restartedMain] o.s.s.concurrent.ThreadPoolTaskExecutor  : Initializing ExecutorService 'applicationTaskExecutor'
2021-11-16 02:25:39.756  WARN 10996 --- [restartedMain] aWebConfiguration$JpaWebMvcConfiguration : spring.jpa.open-in-view is enabled by default. Therefore, database queries may be performed during view rendering. Explicitly configure spring.jpa.open-in-view to disable this warning
2021-11-16 02:25:39.887  INFO 10996 --- [restartedMain] o.s.b.w.embedded.tomcat.TomcatWebServer  : Tomcat started on port(s): 8082 (http) with context path '/SpringMVC'
2021-11-16 02:25:39.887  INFO 10996 --- [restartedMain] SpringBootCoreDataJpaMvcRest1Application : Started TimesheetSpringBootCoreDataJpaMvcRest1Application in 2.133 seconds (JVM running for 10857.231)
2021-11-16 02:25:39.889  INFO 10996 --- [restartedMain] .ConditionEvaluationDeltaLoggingListener : Condition evaluation unchanged
2021-11-16 02:25:47.375  INFO 10996 --- [Thread-100] o.s.s.concurrent.ThreadPoolTaskExecutor  : Shutting down ExecutorService 'applicationTaskExecutor'
2021-11-16 02:25:47.376  INFO 10996 --- [Thread-100] j.LocalContainerEntityManagerFactoryBean : Closing JPA EntityManagerFactory for persistence unit 'default'
2021-11-16 02:25:47.377  INFO 10996 --- [Thread-100] com.zaxxer.hikari.HikariDataSource       : HikariPool-17 - Shutdown initiated...
2021-11-16 02:25:47.400  INFO 10996 --- [Thread-100] com.zaxxer.hikari.HikariDataSource       : HikariPool-17 - Shutdown completed.
2021-11-16 02:25:48.768  INFO 10996 --- [restartedMain] SpringBootCoreDataJpaMvcRest1Application : Starting TimesheetSpringBootCoreDataJpaMvcRest1Application on DESKTOP-FE3B4JC with PID 10996 (C:\Users\hiba\Desktop\project_devops\DEVOPS\src\main\webapp\WEB-INF\classes started by hiba in C:\Users\hiba\Desktop\project_devops\DEVOPS)
2021-11-16 02:25:48.768  INFO 10996 --- [restartedMain] SpringBootCoreDataJpaMvcRest1Application : No active profile set, falling back to default profiles: default
2021-11-16 02:25:49.281  INFO 10996 --- [restartedMain] .s.d.r.c.RepositoryConfigurationDelegate : Bootstrapping Spring Data repositories in DEFAULT mode.
2021-11-16 02:25:49.324  INFO 10996 --- [restartedMain] .s.d.r.c.RepositoryConfigurationDelegate : Finished Spring Data repository scanning in 43ms. Found 6 repository interfaces.
2021-11-16 02:25:49.402  INFO 10996 --- [restartedMain] trationDelegate$BeanPostProcessorChecker : Bean 'org.springframework.transaction.annotation.ProxyTransactionManagementConfiguration' of type [org.springframework.transaction.annotation.ProxyTransactionManagementConfiguration$$EnhancerBySpringCGLIB$$486ee0db] is not eligible for getting processed by all BeanPostProcessors (for example: not eligible for auto-proxying)
2021-11-16 02:25:49.683  INFO 10996 --- [restartedMain] o.s.b.w.embedded.tomcat.TomcatWebServer  : Tomcat initialized with port(s): 8082 (http)
2021-11-16 02:25:49.685  INFO 10996 --- [restartedMain] o.apache.catalina.core.StandardService   : Starting service [Tomcat]
2021-11-16 02:25:49.686  INFO 10996 --- [restartedMain] org.apache.catalina.core.StandardEngine  : Starting Servlet engine: [Apache Tomcat/9.0.17]
2021-11-16 02:25:49.746  INFO 10996 --- [restartedMain] o.a.c.c.C.[.[localhost].[/SpringMVC]     : Initializing Spring embedded WebApplicationContext
2021-11-16 02:25:49.746  INFO 10996 --- [restartedMain] o.s.web.context.ContextLoader            : Root WebApplicationContext: initialization completed in 974 ms
2021-11-16 02:25:49.853  INFO 10996 --- [restartedMain] com.zaxxer.hikari.HikariDataSource       : HikariPool-18 - Starting...
2021-11-16 02:25:49.860  INFO 10996 --- [restartedMain] com.zaxxer.hikari.HikariDataSource       : HikariPool-18 - Start completed.
2021-11-16 02:25:49.880  INFO 10996 --- [restartedMain] o.hibernate.jpa.internal.util.LogHelper  : HHH000204: Processing PersistenceUnitInfo [
	name: default
	...]
2021-11-16 02:25:49.904  INFO 10996 --- [restartedMain] org.hibernate.dialect.Dialect            : HHH000400: Using dialect: org.hibernate.dialect.MySQL5Dialect
2021-11-16 02:25:50.870  INFO 10996 --- [restartedMain] j.LocalContainerEntityManagerFactoryBean : Initialized JPA EntityManagerFactory for persistence unit 'default'
2021-11-16 02:25:50.886  INFO 10996 --- [restartedMain] o.s.b.d.a.OptionalLiveReloadServer       : LiveReload server is running on port 35729
2021-11-16 02:25:50.963  INFO 10996 --- [restartedMain] o.h.h.i.QueryTranslatorFactoryInitiator  : HHH000397: Using ASTQueryTranslatorFactory
2021-11-16 02:25:51.119  INFO 10996 --- [restartedMain] o.s.s.concurrent.ThreadPoolTaskExecutor  : Initializing ExecutorService 'applicationTaskExecutor'
2021-11-16 02:25:51.132  WARN 10996 --- [restartedMain] aWebConfiguration$JpaWebMvcConfiguration : spring.jpa.open-in-view is enabled by default. Therefore, database queries may be performed during view rendering. Explicitly configure spring.jpa.open-in-view to disable this warning
2021-11-16 02:25:51.495  INFO 10996 --- [restartedMain] o.s.b.w.embedded.tomcat.TomcatWebServer  : Tomcat started on port(s): 8082 (http) with context path '/SpringMVC'
2021-11-16 02:25:51.496  INFO 10996 --- [restartedMain] SpringBootCoreDataJpaMvcRest1Application : Started TimesheetSpringBootCoreDataJpaMvcRest1Application in 2.784 seconds (JVM running for 10868.84)
2021-11-16 02:25:51.498  INFO 10996 --- [restartedMain] .ConditionEvaluationDeltaLoggingListener : Condition evaluation unchanged
2021-11-16 02:25:59.870  INFO 13860 --- [main] tn.esprit.spring.MissionServiceImplTest  : Starting MissionServiceImplTest on DESKTOP-FE3B4JC with PID 13860 (started by hiba in C:\Users\hiba\Desktop\project_devops\DEVOPS)
2021-11-16 02:25:59.873  INFO 13860 --- [main] tn.esprit.spring.MissionServiceImplTest  : No active profile set, falling back to default profiles: default
2021-11-16 02:26:02.550  INFO 13860 --- [main] .s.d.r.c.RepositoryConfigurationDelegate : Bootstrapping Spring Data repositories in DEFAULT mode.
2021-11-16 02:26:03.037  INFO 13860 --- [main] .s.d.r.c.RepositoryConfigurationDelegate : Finished Spring Data repository scanning in 449ms. Found 6 repository interfaces.
2021-11-16 02:26:04.477  INFO 13860 --- [main] trationDelegate$BeanPostProcessorChecker : Bean 'org.springframework.transaction.annotation.ProxyTransactionManagementConfiguration' of type [org.springframework.transaction.annotation.ProxyTransactionManagementConfiguration$$EnhancerBySpringCGLIB$$a5def9a7] is not eligible for getting processed by all BeanPostProcessors (for example: not eligible for auto-proxying)
2021-11-16 02:26:05.372  INFO 13860 --- [main] com.zaxxer.hikari.HikariDataSource       : HikariPool-1 - Starting...
2021-11-16 02:26:06.135  INFO 13860 --- [main] com.zaxxer.hikari.HikariDataSource       : HikariPool-1 - Start completed.
2021-11-16 02:26:06.759  INFO 13860 --- [main] o.hibernate.jpa.internal.util.LogHelper  : HHH000204: Processing PersistenceUnitInfo [
	name: default
	...]
2021-11-16 02:26:07.955  INFO 13860 --- [main] org.hibernate.Version                    : HHH000412: Hibernate Core {5.3.9.Final}
2021-11-16 02:26:07.983  INFO 13860 --- [main] org.hibernate.cfg.Environment            : HHH000206: hibernate.properties not found
2021-11-16 02:26:09.738  INFO 13860 --- [main] o.hibernate.annotations.common.Version   : HCANN000001: Hibernate Commons Annotations {5.0.4.Final}
2021-11-16 02:26:11.114  INFO 13860 --- [main] org.hibernate.dialect.Dialect            : HHH000400: Using dialect: org.hibernate.dialect.MySQL5Dialect
2021-11-16 02:26:15.527  INFO 13860 --- [main] j.LocalContainerEntityManagerFactoryBean : Initialized JPA EntityManagerFactory for persistence unit 'default'
2021-11-16 02:26:16.504  INFO 13860 --- [main] o.h.h.i.QueryTranslatorFactoryInitiator  : HHH000397: Using ASTQueryTranslatorFactory
2021-11-16 02:26:19.038  INFO 13860 --- [main] o.s.s.concurrent.ThreadPoolTaskExecutor  : Initializing ExecutorService 'applicationTaskExecutor'
2021-11-16 02:26:19.190  WARN 13860 --- [main] aWebConfiguration$JpaWebMvcConfiguration : spring.jpa.open-in-view is enabled by default. Therefore, database queries may be performed during view rendering. Explicitly configure spring.jpa.open-in-view to disable this warning
2021-11-16 02:26:20.066  INFO 13860 --- [main] tn.esprit.spring.MissionServiceImplTest  : Started MissionServiceImplTest in 21.755 seconds (JVM running for 26.107)
2021-11-16 02:26:20.609  INFO 13860 --- [main] t.e.spring.services.MissionServiceImpl   : Adding Mission to Departement
2021-11-16 02:26:20.808  INFO 13860 --- [main] t.e.spring.services.MissionServiceImpl   : getting employe by mission :0
2021-11-16 02:26:20.909  INFO 13860 --- [main] t.e.spring.services.MissionServiceImpl   : getting employe by mission :0succefully
2021-11-16 02:26:20.922  INFO 13860 --- [main] t.e.spring.services.MissionServiceImpl   : Adding  mission
2021-11-16 02:26:21.035  INFO 13860 --- [main] t.e.spring.services.MissionServiceImpl   : Mission Added  Succefully !
2021-11-16 02:26:21.041  INFO 13860 --- [main] t.e.spring.services.MissionServiceImpl   : getting Mission by employé :0
2021-11-16 02:26:21.045  INFO 13860 --- [main] t.e.spring.services.MissionServiceImpl   : getting Mission by employé :0succefully
2021-11-16 02:26:21.046  INFO 13860 --- [main] t.e.spring.services.MissionServiceImpl   : getting Employee
2021-11-16 02:26:21.202  INFO 13860 --- [Thread-2] o.s.s.concurrent.ThreadPoolTaskExecutor  : Shutting down ExecutorService 'applicationTaskExecutor'
2021-11-16 02:26:21.207  INFO 13860 --- [Thread-2] j.LocalContainerEntityManagerFactoryBean : Closing JPA EntityManagerFactory for persistence unit 'default'
2021-11-16 02:26:21.213  INFO 13860 --- [Thread-2] com.zaxxer.hikari.HikariDataSource       : HikariPool-1 - Shutdown initiated...
2021-11-16 02:26:21.325  INFO 13860 --- [Thread-2] com.zaxxer.hikari.HikariDataSource       : HikariPool-1 - Shutdown completed.
2021-11-16 02:30:02.194  INFO 10996 --- [Thread-106] o.s.s.concurrent.ThreadPoolTaskExecutor  : Shutting down ExecutorService 'applicationTaskExecutor'
2021-11-16 02:30:02.196  INFO 10996 --- [Thread-106] j.LocalContainerEntityManagerFactoryBean : Closing JPA EntityManagerFactory for persistence unit 'default'
2021-11-16 02:30:02.197  INFO 10996 --- [Thread-106] com.zaxxer.hikari.HikariDataSource       : HikariPool-18 - Shutdown initiated...
2021-11-16 02:30:02.207  INFO 10996 --- [Thread-106] com.zaxxer.hikari.HikariDataSource       : HikariPool-18 - Shutdown completed.
